# JRE version: OpenJDK Runtime Environment (8.0_152-b02) (build 1.8.0_152-release-1024-b02)
# Java VM: OpenJDK 64-Bit Server VM (25.152-b02 mixed mode windows-amd64 compressed oops)
Heap:
 PSYoungGen      total 399872K, used 28232K [0x00000000e0000000, 0x00000000fb580000, 0x0000000100000000)
  eden space 380416K, 2% used [0x00000000e0000000,0x00000000e09f7d18,0x00000000f7380000)
  from space 19456K, 92% used [0x00000000fa280000,0x00000000fb41a660,0x00000000fb580000)
  to   space 33792K, 0% used [0x00000000f7380000,0x00000000f7380000,0x00000000f9480000)
 ParOldGen       total 131584K, used 38698K [0x00000000a0000000, 0x00000000a8080000, 0x00000000e0000000)
  object space 131584K, 29% used [0x00000000a0000000,0x00000000a25ca820,0x00000000a8080000)
 Metaspace       used 86810K, capacity 90948K, committed 91288K, reserved 1128448K
  class space    used 11310K, capacity 12104K, committed 12208K, reserved 1048576K
GC Heap History (10 events):
Event: 78.087 GC heap before
{Heap before GC invocations=15 (full 3):
 PSYoungGen      total 230912K, used 224045K [0x00000000e0000000, 0x00000000f1780000, 0x0000000100000000)
  eden space 205312K, 100% used [0x00000000e0000000,0x00000000ec880000,0x00000000ec880000)
  from space 25600K, 73% used [0x00000000ec880000,0x00000000edacb7f8,0x00000000ee180000)
  to   space 26624K, 0% used [0x00000000efd80000,0x00000000efd80000,0x00000000f1780000)
 ParOldGen       total 131584K, used 33425K [0x00000000a0000000, 0x00000000a8080000, 0x00000000e0000000)
  object space 131584K, 25% used [0x00000000a0000000,0x00000000a20a45e8,0x00000000a8080000)
 Metaspace       used 73529K, capacity 75907K, committed 76056K, reserved 1116160K
  class space    used 9681K, capacity 10243K, committed 10288K, reserved 1048576K
Event: 78.102 GC heap after
Heap after GC invocations=15 (full 3):
 PSYoungGen      total 259584K, used 16348K [0x00000000e0000000, 0x00000000f4a80000, 0x0000000100000000)
  eden space 232960K, 0% used [0x00000000e0000000,0x00000000e0000000,0x00000000ee380000)
  from space 26624K, 61% used [0x00000000efd80000,0x00000000f0d77318,0x00000000f1780000)
  to   space 26624K, 0% used [0x00000000ee380000,0x00000000ee380000,0x00000000efd80000)
 ParOldGen       total 131584K, used 33433K [0x00000000a0000000, 0x00000000a8080000, 0x00000000e0000000)
  object space 131584K, 25% used [0x00000000a0000000,0x00000000a20a65e8,0x00000000a8080000)
 Metaspace       used 73529K, capacity 75907K, committed 76056K, reserved 1116160K
  class space    used 9681K, capacity 10243K, committed 10288K, reserved 1048576K
}
Event: 81.351 GC heap before
{Heap before GC invocations=16 (full 3):
 PSYoungGen      total 259584K, used 249308K [0x00000000e0000000, 0x00000000f4a80000, 0x0000000100000000)
  eden space 232960K, 100% used [0x00000000e0000000,0x00000000ee380000,0x00000000ee380000)
  from space 26624K, 61% used [0x00000000efd80000,0x00000000f0d77318,0x00000000f1780000)
  to   space 26624K, 0% used [0x00000000ee380000,0x00000000ee380000,0x00000000efd80000)
 ParOldGen       total 131584K, used 33433K [0x00000000a0000000, 0x00000000a8080000, 0x00000000e0000000)
  object space 131584K, 25% used [0x00000000a0000000,0x00000000a20a65e8,0x00000000a8080000)
 Metaspace       used 82319K, capacity 85855K, committed 86168K, reserved 1124352K
  class space    used 10829K, capacity 11569K, committed 11696K, reserved 1048576K
Event: 81.375 GC heap after
Heap after GC invocations=16 (full 3):
 PSYoungGen      total 259584K, used 26607K [0x00000000e0000000, 0x00000000f7300000, 0x0000000100000000)
  eden space 232960K, 0% used [0x00000000e0000000,0x00000000e0000000,0x00000000ee380000)
  from space 26624K, 99% used [0x00000000ee380000,0x00000000efd7be00,0x00000000efd80000)
  to   space 32256K, 0% used [0x00000000f5380000,0x00000000f5380000,0x00000000f7300000)
 ParOldGen       total 131584K, used 38674K [0x00000000a0000000, 0x00000000a8080000, 0x00000000e0000000)
  object space 131584K, 29% used [0x00000000a0000000,0x00000000a25c4820,0x00000000a8080000)
 Metaspace       used 82319K, capacity 85855K, committed 86168K, reserved 1124352K
  class space    used 10829K, capacity 11569K, committed 11696K, reserved 1048576K
}
Event: 84.210 GC heap before
{Heap before GC invocations=17 (full 3):
 PSYoungGen      total 259584K, used 259356K [0x00000000e0000000, 0x00000000f7300000, 0x0000000100000000)
  eden space 232960K, 99% used [0x00000000e0000000,0x00000000ee34b258,0x00000000ee380000)
  from space 26624K, 99% used [0x00000000ee380000,0x00000000efd7be00,0x00000000efd80000)
  to   space 32256K, 0% used [0x00000000f5380000,0x00000000f5380000,0x00000000f7300000)
 ParOldGen       total 131584K, used 38674K [0x00000000a0000000, 0x00000000a8080000, 0x00000000e0000000)
  object space 131584K, 29% used [0x00000000a0000000,0x00000000a25c4820,0x00000000a8080000)
 Metaspace       used 84159K, capacity 87777K, committed 88088K, reserved 1126400K
  class space    used 11024K, capacity 11778K, committed 11824K, reserved 1048576K
Event: 84.231 GC heap after
Heap after GC invocations=17 (full 3):
 PSYoungGen      total 337408K, used 25665K [0x00000000e0000000, 0x00000000f7080000, 0x0000000100000000)
  eden space 307712K, 0% used [0x00000000e0000000,0x00000000e0000000,0x00000000f2c80000)
  from space 29696K, 86% used [0x00000000f5380000,0x00000000f6c90718,0x00000000f7080000)
  to   space 34816K, 0% used [0x00000000f2c80000,0x00000000f2c80000,0x00000000f4e80000)
 ParOldGen       total 131584K, used 38682K [0x00000000a0000000, 0x00000000a8080000, 0x00000000e0000000)
  object space 131584K, 29% used [0x00000000a0000000,0x00000000a25c6820,0x00000000a8080000)
 Metaspace       used 84159K, capacity 87777K, committed 88088K, reserved 1126400K
  class space    used 11024K, capacity 11778K, committed 11824K, reserved 1048576K
}
Event: 303.947 GC heap before
{Heap before GC invocations=18 (full 3):
 PSYoungGen      total 337408K, used 333034K [0x00000000e0000000, 0x00000000f7080000, 0x0000000100000000)
  eden space 307712K, 99% used [0x00000000e0000000,0x00000000f2c2a3c8,0x00000000f2c80000)
  from space 29696K, 86% used [0x00000000f5380000,0x00000000f6c90718,0x00000000f7080000)
  to   space 34816K, 0% used [0x00000000f2c80000,0x00000000f2c80000,0x00000000f4e80000)
 ParOldGen       total 131584K, used 38682K [0x00000000a0000000, 0x00000000a8080000, 0x00000000e0000000)
  object space 131584K, 29% used [0x00000000a0000000,0x00000000a25c6820,0x00000000a8080000)
 Metaspace       used 86660K, capacity 90728K, committed 91032K, reserved 1128448K
  class space    used 11306K, capacity 12100K, committed 12208K, reserved 1048576K
Event: 303.980 GC heap after
Heap after GC invocations=18 (full 3):
 PSYoungGen      total 342528K, used 22896K [0x00000000e0000000, 0x00000000fc500000, 0x0000000100000000)
  eden space 307712K, 0% used [0x00000000e0000000,0x00000000e0000000,0x00000000f2c80000)
  from space 34816K, 65% used [0x00000000f2c80000,0x00000000f42dc328,0x00000000f4e80000)
  to   space 35328K, 0% used [0x00000000fa280000,0x00000000fa280000,0x00000000fc500000)
 ParOldGen       total 131584K, used 38690K [0x00000000a0000000, 0x00000000a8080000, 0x00000000e0000000)
  object space 131584K, 29% used [0x00000000a0000000,0x00000000a25c8820,0x00000000a8080000)
 Metaspace       used 86660K, capacity 90728K, committed 91032K, reserved 1128448K
  class space    used 11306K, capacity 12100K, committed 12208K, reserved 1048576K
}
Event: 330.860 GC heap before
{Heap before GC invocations=19 (full 3):
 PSYoungGen      total 342528K, used 330608K [0x00000000e0000000, 0x00000000fc500000, 0x0000000100000000)
  eden space 307712K, 100% used [0x00000000e0000000,0x00000000f2c80000,0x00000000f2c80000)
  from space 34816K, 65% used [0x00000000f2c80000,0x00000000f42dc328,0x00000000f4e80000)
  to   space 35328K, 0% used [0x00000000fa280000,0x00000000fa280000,0x00000000fc500000)
 ParOldGen       total 131584K, used 38690K [0x00000000a0000000, 0x00000000a8080000, 0x00000000e0000000)
  object space 131584K, 29% used [0x00000000a0000000,0x00000000a25c8820,0x00000000a8080000)
 Metaspace       used 86787K, capacity 90944K, committed 91288K, reserved 1128448K
  class space    used 11310K, capacity 12104K, committed 12208K, reserved 1048576K
Event: 330.877 GC heap after
Heap after GC invocations=19 (full 3):
 PSYoungGen      total 399872K, used 18025K [0x00000000e0000000, 0x00000000fb580000, 0x0000000100000000)
  eden space 380416K, 0% used [0x00000000e0000000,0x00000000e0000000,0x00000000f7380000)
  from space 19456K, 92% used [0x00000000fa280000,0x00000000fb41a660,0x00000000fb580000)
  to   space 33792K, 0% used [0x00000000f7380000,0x00000000f7380000,0x00000000f9480000)
 ParOldGen       total 131584K, used 38698K [0x00000000a0000000, 0x00000000a8080000, 0x00000000e0000000)
  object space 131584K, 29% used [0x00000000a0000000,0x00000000a25ca820,0x00000000a8080000)
 Metaspace       used 86787K, capacity 90944K, committed 91288K, reserved 1128448K
  class space    used 11310K, capacity 12104K, committed 12208K, reserved 1048576K
}

