# JRE version: OpenJDK Runtime Environment (8.0_152-b02) (build 1.8.0_152-release-1024-b02)
# Java VM: OpenJDK 64-Bit Server VM (25.152-b02 mixed mode windows-amd64 compressed oops)
Heap:
 PSYoungGen      total 196096K, used 188039K [0x00000000e0000000, 0x00000000f1880000, 0x0000000100000000)
  eden space 158208K, 100% used [0x00000000e0000000,0x00000000e9a80000,0x00000000e9a80000)
  from space 37888K, 78% used [0x00000000e9a80000,0x00000000eb7a1cf0,0x00000000ebf80000)
  to   space 40960K, 26% used [0x00000000ef080000,0x00000000efae7670,0x00000000f1880000)
 ParOldGen       total 119808K, used 86450K [0x00000000a0000000, 0x00000000a7500000, 0x00000000e0000000)
  object space 119808K, 72% used [0x00000000a0000000,0x00000000a546c9c8,0x00000000a7500000)
 Metaspace       used 60043K, capacity 61708K, committed 61952K, reserved 1103872K
  class space    used 6971K, capacity 7411K, committed 7424K, reserved 1048576K
GC Heap History (10 events):
Event: 614.610 GC heap after
Heap after GC invocations=19 (full 4):
 PSYoungGen      total 137728K, used 19621K [0x00000000e0000000, 0x00000000ec400000, 0x0000000100000000)
  eden space 109056K, 0% used [0x00000000e0000000,0x00000000e0000000,0x00000000e6a80000)
  from space 28672K, 68% used [0x00000000e6a80000,0x00000000e7da9478,0x00000000e8680000)
  to   space 29696K, 0% used [0x00000000ea700000,0x00000000ea700000,0x00000000ec400000)
 ParOldGen       total 119808K, used 35029K [0x00000000a0000000, 0x00000000a7500000, 0x00000000e0000000)
  object space 119808K, 29% used [0x00000000a0000000,0x00000000a22355d8,0x00000000a7500000)
 Metaspace       used 54972K, capacity 56034K, committed 56192K, reserved 1099776K
  class space    used 6490K, capacity 6758K, committed 6784K, reserved 1048576K
}
Event: 1870.270 GC heap before
{Heap before GC invocations=20 (full 4):
 PSYoungGen      total 137728K, used 128677K [0x00000000e0000000, 0x00000000ec400000, 0x0000000100000000)
  eden space 109056K, 100% used [0x00000000e0000000,0x00000000e6a80000,0x00000000e6a80000)
  from space 28672K, 68% used [0x00000000e6a80000,0x00000000e7da9478,0x00000000e8680000)
  to   space 29696K, 0% used [0x00000000ea700000,0x00000000ea700000,0x00000000ec400000)
 ParOldGen       total 119808K, used 35029K [0x00000000a0000000, 0x00000000a7500000, 0x00000000e0000000)
  object space 119808K, 29% used [0x00000000a0000000,0x00000000a22355d8,0x00000000a7500000)
 Metaspace       used 56137K, capacity 57292K, committed 57600K, reserved 1099776K
  class space    used 6555K, capacity 6841K, committed 6912K, reserved 1048576K
Event: 1870.472 GC heap after
Heap after GC invocations=20 (full 4):
 PSYoungGen      total 160768K, used 8067K [0x00000000e0000000, 0x00000000ebe80000, 0x0000000100000000)
  eden space 136704K, 0% used [0x00000000e0000000,0x00000000e0000000,0x00000000e8580000)
  from space 24064K, 33% used [0x00000000ea700000,0x00000000eaee0fe0,0x00000000ebe80000)
  to   space 29184K, 0% used [0x00000000e8580000,0x00000000e8580000,0x00000000ea200000)
 ParOldGen       total 119808K, used 45401K [0x00000000a0000000, 0x00000000a7500000, 0x00000000e0000000)
  object space 119808K, 37% used [0x00000000a0000000,0x00000000a2c567d8,0x00000000a7500000)
 Metaspace       used 56137K, capacity 57292K, committed 57600K, reserved 1099776K
  class space    used 6555K, capacity 6841K, committed 6912K, reserved 1048576K
}
Event: 3571.807 GC heap before
{Heap before GC invocations=21 (full 4):
 PSYoungGen      total 160768K, used 144771K [0x00000000e0000000, 0x00000000ebe80000, 0x0000000100000000)
  eden space 136704K, 100% used [0x00000000e0000000,0x00000000e8580000,0x00000000e8580000)
  from space 24064K, 33% used [0x00000000ea700000,0x00000000eaee0fe0,0x00000000ebe80000)
  to   space 29184K, 0% used [0x00000000e8580000,0x00000000e8580000,0x00000000ea200000)
 ParOldGen       total 119808K, used 45401K [0x00000000a0000000, 0x00000000a7500000, 0x00000000e0000000)
  object space 119808K, 37% used [0x00000000a0000000,0x00000000a2c567d8,0x00000000a7500000)
 Metaspace       used 57367K, capacity 58552K, committed 58752K, reserved 1101824K
  class space    used 6705K, capacity 7003K, committed 7040K, reserved 1048576K
Event: 3576.221 GC heap after
Heap after GC invocations=21 (full 4):
 PSYoungGen      total 165888K, used 18591K [0x00000000e0000000, 0x00000000edc00000, 0x0000000100000000)
  eden space 136704K, 0% used [0x00000000e0000000,0x00000000e0000000,0x00000000e8580000)
  from space 29184K, 63% used [0x00000000e8580000,0x00000000e97a7eb8,0x00000000ea200000)
  to   space 29184K, 0% used [0x00000000ebf80000,0x00000000ebf80000,0x00000000edc00000)
 ParOldGen       total 119808K, used 45409K [0x00000000a0000000, 0x00000000a7500000, 0x00000000e0000000)
  object space 119808K, 37% used [0x00000000a0000000,0x00000000a2c587d8,0x00000000a7500000)
 Metaspace       used 57367K, capacity 58552K, committed 58752K, reserved 1101824K
  class space    used 6705K, capacity 7003K, committed 7040K, reserved 1048576K
}
Event: 3577.781 GC heap before
{Heap before GC invocations=22 (full 4):
 PSYoungGen      total 165888K, used 155295K [0x00000000e0000000, 0x00000000edc00000, 0x0000000100000000)
  eden space 136704K, 100% used [0x00000000e0000000,0x00000000e8580000,0x00000000e8580000)
  from space 29184K, 63% used [0x00000000e8580000,0x00000000e97a7eb8,0x00000000ea200000)
  to   space 29184K, 0% used [0x00000000ebf80000,0x00000000ebf80000,0x00000000edc00000)
 ParOldGen       total 119808K, used 45409K [0x00000000a0000000, 0x00000000a7500000, 0x00000000e0000000)
  object space 119808K, 37% used [0x00000000a0000000,0x00000000a2c587d8,0x00000000a7500000)
 Metaspace       used 57737K, capacity 58908K, committed 59008K, reserved 1101824K
  class space    used 6727K, capacity 7035K, committed 7040K, reserved 1048576K
Event: 3578.285 GC heap after
Heap after GC invocations=22 (full 4):
 PSYoungGen      total 187392K, used 29167K [0x00000000e0000000, 0x00000000efa00000, 0x0000000100000000)
  eden space 158208K, 0% used [0x00000000e0000000,0x00000000e0000000,0x00000000e9a80000)
  from space 29184K, 99% used [0x00000000ebf80000,0x00000000edbfbe30,0x00000000edc00000)
  to   space 37888K, 0% used [0x00000000e9a80000,0x00000000e9a80000,0x00000000ebf80000)
 ParOldGen       total 119808K, used 57191K [0x00000000a0000000, 0x00000000a7500000, 0x00000000e0000000)
  object space 119808K, 47% used [0x00000000a0000000,0x00000000a37d9e70,0x00000000a7500000)
 Metaspace       used 57737K, capacity 58908K, committed 59008K, reserved 1101824K
  class space    used 6727K, capacity 7035K, committed 7040K, reserved 1048576K
}
Event: 3827.081 GC heap before
{Heap before GC invocations=23 (full 4):
 PSYoungGen      total 187392K, used 187375K [0x00000000e0000000, 0x00000000efa00000, 0x0000000100000000)
  eden space 158208K, 100% used [0x00000000e0000000,0x00000000e9a80000,0x00000000e9a80000)
  from space 29184K, 99% used [0x00000000ebf80000,0x00000000edbfbe30,0x00000000edc00000)
  to   space 37888K, 0% used [0x00000000e9a80000,0x00000000e9a80000,0x00000000ebf80000)
 ParOldGen       total 119808K, used 57191K [0x00000000a0000000, 0x00000000a7500000, 0x00000000e0000000)
  object space 119808K, 47% used [0x00000000a0000000,0x00000000a37d9e70,0x00000000a7500000)
 Metaspace       used 59487K, capacity 61152K, committed 61440K, reserved 1103872K
  class space    used 6916K, capacity 7337K, committed 7424K, reserved 1048576K
Event: 3827.353 GC heap after
Heap after GC invocations=23 (full 4):
 PSYoungGen      total 196096K, used 29831K [0x00000000e0000000, 0x00000000f1880000, 0x0000000100000000)
  eden space 158208K, 0% used [0x00000000e0000000,0x00000000e0000000,0x00000000e9a80000)
  from space 37888K, 78% used [0x00000000e9a80000,0x00000000eb7a1cf0,0x00000000ebf80000)
  to   space 40960K, 0% used [0x00000000ef080000,0x00000000ef080000,0x00000000f1880000)
 ParOldGen       total 119808K, used 67131K [0x00000000a0000000, 0x00000000a7500000, 0x00000000e0000000)
  object space 119808K, 56% used [0x00000000a0000000,0x00000000a418ee40,0x00000000a7500000)
 Metaspace       used 59487K, capacity 61152K, committed 61440K, reserved 1103872K
  class space    used 6916K, capacity 7337K, committed 7424K, reserved 1048576K
}
Event: 3861.540 GC heap before
{Heap before GC invocations=24 (full 4):
 PSYoungGen      total 196096K, used 188039K [0x00000000e0000000, 0x00000000f1880000, 0x0000000100000000)
  eden space 158208K, 100% used [0x00000000e0000000,0x00000000e9a80000,0x00000000e9a80000)
  from space 37888K, 78% used [0x00000000e9a80000,0x00000000eb7a1cf0,0x00000000ebf80000)
  to   space 40960K, 0% used [0x00000000ef080000,0x00000000ef080000,0x00000000f1880000)
 ParOldGen       total 119808K, used 67131K [0x00000000a0000000, 0x00000000a7500000, 0x00000000e0000000)
  object space 119808K, 56% used [0x00000000a0000000,0x00000000a418ee40,0x00000000a7500000)
 Metaspace       used 60043K, capacity 61708K, committed 61952K, reserved 1103872K
  class space    used 6971K, capacity 7411K, committed 7424K, reserved 1048576K

