# JRE version: OpenJDK Runtime Environment (8.0_152-b02) (build 1.8.0_152-release-1024-b02)
# Java VM: OpenJDK 64-Bit Server VM (25.152-b02 mixed mode windows-amd64 compressed oops)
Heap:
 PSYoungGen      total 78848K, used 72331K [0x00000000e0380000, 0x00000000e7300000, 0x0000000100000000)
  eden space 62464K, 100% used [0x00000000e0380000,0x00000000e4080000,0x00000000e4080000)
  from space 16384K, 60% used [0x00000000e4080000,0x00000000e4a22cf8,0x00000000e5080000)
  to   space 15872K, 91% used [0x00000000e6380000,0x00000000e71bf488,0x00000000e7300000)
 ParOldGen       total 1041920K, used 18879K [0x00000000a0a00000, 0x00000000e0380000, 0x00000000e0380000)
  object space 1041920K, 1% used [0x00000000a0a00000,0x00000000a1c6fdf0,0x00000000e0380000)
 Metaspace       used 41741K, capacity 42404K, committed 42968K, reserved 1087488K
  class space    used 5188K, capacity 5330K, committed 5376K, reserved 1048576K
GC Heap History (10 events):
Event: 3.289 GC heap after
Heap after GC invocations=7 (full 1):
 PSYoungGen      total 49152K, used 10209K [0x00000000e0380000, 0x00000000e4300000, 0x0000000100000000)
  eden space 38912K, 0% used [0x00000000e0380000,0x00000000e0380000,0x00000000e2980000)
  from space 10240K, 99% used [0x00000000e3500000,0x00000000e3ef84c8,0x00000000e3f00000)
  to   space 11776K, 0% used [0x00000000e2980000,0x00000000e2980000,0x00000000e3500000)
 ParOldGen       total 48128K, used 7610K [0x00000000a0a00000, 0x00000000a3900000, 0x00000000e0380000)
  object space 48128K, 15% used [0x00000000a0a00000,0x00000000a116e928,0x00000000a3900000)
 Metaspace       used 26962K, capacity 27354K, committed 27648K, reserved 1073152K
  class space    used 3445K, capacity 3583K, committed 3584K, reserved 1048576K
}
Event: 4.418 GC heap before
{Heap before GC invocations=8 (full 1):
 PSYoungGen      total 49152K, used 49121K [0x00000000e0380000, 0x00000000e4300000, 0x0000000100000000)
  eden space 38912K, 100% used [0x00000000e0380000,0x00000000e2980000,0x00000000e2980000)
  from space 10240K, 99% used [0x00000000e3500000,0x00000000e3ef84c8,0x00000000e3f00000)
  to   space 11776K, 0% used [0x00000000e2980000,0x00000000e2980000,0x00000000e3500000)
 ParOldGen       total 48128K, used 7610K [0x00000000a0a00000, 0x00000000a3900000, 0x00000000e0380000)
  object space 48128K, 15% used [0x00000000a0a00000,0x00000000a116e928,0x00000000a3900000)
 Metaspace       used 33086K, capacity 33567K, committed 34048K, reserved 1079296K
  class space    used 4127K, capacity 4264K, committed 4352K, reserved 1048576K
Event: 4.428 GC heap after
Heap after GC invocations=8 (full 1):
 PSYoungGen      total 50688K, used 11755K [0x00000000e0380000, 0x00000000e5f00000, 0x0000000100000000)
  eden space 38912K, 0% used [0x00000000e0380000,0x00000000e0380000,0x00000000e2980000)
  from space 11776K, 99% used [0x00000000e2980000,0x00000000e34fac60,0x00000000e3500000)
  to   space 14848K, 0% used [0x00000000e5080000,0x00000000e5080000,0x00000000e5f00000)
 ParOldGen       total 48128K, used 10799K [0x00000000a0a00000, 0x00000000a3900000, 0x00000000e0380000)
  object space 48128K, 22% used [0x00000000a0a00000,0x00000000a148be48,0x00000000a3900000)
 Metaspace       used 33086K, capacity 33567K, committed 34048K, reserved 1079296K
  class space    used 4127K, capacity 4264K, committed 4352K, reserved 1048576K
}
Event: 4.651 GC heap before
{Heap before GC invocations=9 (full 1):
 PSYoungGen      total 50688K, used 30518K [0x00000000e0380000, 0x00000000e5f00000, 0x0000000100000000)
  eden space 38912K, 48% used [0x00000000e0380000,0x00000000e15d2f48,0x00000000e2980000)
  from space 11776K, 99% used [0x00000000e2980000,0x00000000e34fac60,0x00000000e3500000)
  to   space 14848K, 0% used [0x00000000e5080000,0x00000000e5080000,0x00000000e5f00000)
 ParOldGen       total 48128K, used 10799K [0x00000000a0a00000, 0x00000000a3900000, 0x00000000e0380000)
  object space 48128K, 22% used [0x00000000a0a00000,0x00000000a148be48,0x00000000a3900000)
 Metaspace       used 34591K, capacity 35043K, committed 35416K, reserved 1081344K
  class space    used 4318K, capacity 4458K, committed 4480K, reserved 1048576K
Event: 4.660 GC heap after
Heap after GC invocations=9 (full 1):
 PSYoungGen      total 77312K, used 13370K [0x00000000e0380000, 0x00000000e6400000, 0x0000000100000000)
  eden space 62464K, 0% used [0x00000000e0380000,0x00000000e0380000,0x00000000e4080000)
  from space 14848K, 90% used [0x00000000e5080000,0x00000000e5d8eb80,0x00000000e5f00000)
  to   space 16384K, 0% used [0x00000000e4080000,0x00000000e4080000,0x00000000e5080000)
 ParOldGen       total 48128K, used 10807K [0x00000000a0a00000, 0x00000000a3900000, 0x00000000e0380000)
  object space 48128K, 22% used [0x00000000a0a00000,0x00000000a148de48,0x00000000a3900000)
 Metaspace       used 34591K, capacity 35043K, committed 35416K, reserved 1081344K
  class space    used 4318K, capacity 4458K, committed 4480K, reserved 1048576K
}
Event: 4.660 GC heap before
{Heap before GC invocations=10 (full 2):
 PSYoungGen      total 77312K, used 13370K [0x00000000e0380000, 0x00000000e6400000, 0x0000000100000000)
  eden space 62464K, 0% used [0x00000000e0380000,0x00000000e0380000,0x00000000e4080000)
  from space 14848K, 90% used [0x00000000e5080000,0x00000000e5d8eb80,0x00000000e5f00000)
  to   space 16384K, 0% used [0x00000000e4080000,0x00000000e4080000,0x00000000e5080000)
 ParOldGen       total 48128K, used 10807K [0x00000000a0a00000, 0x00000000a3900000, 0x00000000e0380000)
  object space 48128K, 22% used [0x00000000a0a00000,0x00000000a148de48,0x00000000a3900000)
 Metaspace       used 34591K, capacity 35043K, committed 35416K, reserved 1081344K
  class space    used 4318K, capacity 4458K, committed 4480K, reserved 1048576K
Event: 4.727 GC heap after
Heap after GC invocations=10 (full 2):
 PSYoungGen      total 77312K, used 0K [0x00000000e0380000, 0x00000000e6400000, 0x0000000100000000)
  eden space 62464K, 0% used [0x00000000e0380000,0x00000000e0380000,0x00000000e4080000)
  from space 14848K, 0% used [0x00000000e5080000,0x00000000e5080000,0x00000000e5f00000)
  to   space 16384K, 0% used [0x00000000e4080000,0x00000000e4080000,0x00000000e5080000)
 ParOldGen       total 77312K, used 18863K [0x00000000a0a00000, 0x00000000a5580000, 0x00000000e0380000)
  object space 77312K, 24% used [0x00000000a0a00000,0x00000000a1c6bdf0,0x00000000a5580000)
 Metaspace       used 34591K, capacity 35043K, committed 35416K, reserved 1081344K
  class space    used 4318K, capacity 4458K, committed 4480K, reserved 1048576K
}
Event: 5.541 GC heap before
{Heap before GC invocations=11 (full 2):
 PSYoungGen      total 77312K, used 62464K [0x00000000e0380000, 0x00000000e6400000, 0x0000000100000000)
  eden space 62464K, 100% used [0x00000000e0380000,0x00000000e4080000,0x00000000e4080000)
  from space 14848K, 0% used [0x00000000e5080000,0x00000000e5080000,0x00000000e5f00000)
  to   space 16384K, 0% used [0x00000000e4080000,0x00000000e4080000,0x00000000e5080000)
 ParOldGen       total 77312K, used 18863K [0x00000000a0a00000, 0x00000000a5580000, 0x00000000e0380000)
  object space 77312K, 24% used [0x00000000a0a00000,0x00000000a1c6bdf0,0x00000000a5580000)
 Metaspace       used 36761K, capacity 37344K, committed 37848K, reserved 1083392K
  class space    used 4474K, capacity 4608K, committed 4608K, reserved 1048576K
Event: 5.551 GC heap after
Heap after GC invocations=11 (full 2):
 PSYoungGen      total 78848K, used 9867K [0x00000000e0380000, 0x00000000e7300000, 0x0000000100000000)
  eden space 62464K, 0% used [0x00000000e0380000,0x00000000e0380000,0x00000000e4080000)
  from space 16384K, 60% used [0x00000000e4080000,0x00000000e4a22cf8,0x00000000e5080000)
  to   space 15872K, 0% used [0x00000000e6380000,0x00000000e6380000,0x00000000e7300000)
 ParOldGen       total 77312K, used 18871K [0x00000000a0a00000, 0x00000000a5580000, 0x00000000e0380000)
  object space 77312K, 24% used [0x00000000a0a00000,0x00000000a1c6ddf0,0x00000000a5580000)
 Metaspace       used 36761K, capacity 37344K, committed 37848K, reserved 1083392K
  class space    used 4474K, capacity 4608K, committed 4608K, reserved 1048576K
}
Event: 6.594 GC heap before
{Heap before GC invocations=12 (full 2):
 PSYoungGen      total 78848K, used 72331K [0x00000000e0380000, 0x00000000e7300000, 0x0000000100000000)
  eden space 62464K, 100% used [0x00000000e0380000,0x00000000e4080000,0x00000000e4080000)
  from space 16384K, 60% used [0x00000000e4080000,0x00000000e4a22cf8,0x00000000e5080000)
  to   space 15872K, 0% used [0x00000000e6380000,0x00000000e6380000,0x00000000e7300000)
 ParOldGen       total 77312K, used 18871K [0x00000000a0a00000, 0x00000000a5580000, 0x00000000e0380000)
  object space 77312K, 24% used [0x00000000a0a00000,0x00000000a1c6ddf0,0x00000000a5580000)
 Metaspace       used 41741K, capacity 42404K, committed 42968K, reserved 1087488K
  class space    used 5188K, capacity 5330K, committed 5376K, reserved 1048576K

