# JRE version: OpenJDK Runtime Environment (8.0_152-b02) (build 1.8.0_152-release-1024-b02)
# Java VM: OpenJDK 64-Bit Server VM (25.152-b02 mixed mode windows-amd64 compressed oops)
Heap:
 PSYoungGen      total 178688K, used 169505K [0x00000000e0000000, 0x00000000eff80000, 0x0000000100000000)
  eden space 129536K, 100% used [0x00000000e0000000,0x00000000e7e80000,0x00000000e7e80000)
  from space 49152K, 81% used [0x00000000ecf80000,0x00000000ef688670,0x00000000eff80000)
  to   space 66048K, 63% used [0x00000000e7e80000,0x00000000ea7479b0,0x00000000ebf00000)
 ParOldGen       total 89600K, used 21807K [0x00000000a0000000, 0x00000000a5780000, 0x00000000e0000000)
  object space 89600K, 24% used [0x00000000a0000000,0x00000000a154bf58,0x00000000a5780000)
 Metaspace       used 59208K, capacity 60504K, committed 60800K, reserved 1103872K
  class space    used 6667K, capacity 6975K, committed 7040K, reserved 1048576K
GC Heap History (10 events):
Event: 8938.582 GC heap after
Heap after GC invocations=23 (full 5):
 PSYoungGen      total 162816K, used 9424K [0x00000000e0000000, 0x00000000ed280000, 0x0000000100000000)
  eden space 119296K, 0% used [0x00000000e0000000,0x00000000e0000000,0x00000000e7480000)
  from space 43520K, 21% used [0x00000000ea800000,0x00000000eb134320,0x00000000ed280000)
  to   space 48128K, 0% used [0x00000000e7480000,0x00000000e7480000,0x00000000ea380000)
 ParOldGen       total 89600K, used 15890K [0x00000000a0000000, 0x00000000a5780000, 0x00000000e0000000)
  object space 89600K, 17% used [0x00000000a0000000,0x00000000a0f84be8,0x00000000a5780000)
 Metaspace       used 57039K, capacity 58070K, committed 58496K, reserved 1101824K
  class space    used 6473K, capacity 6732K, committed 7040K, reserved 1048576K
}
Event: 8939.470 GC heap before
{Heap before GC invocations=24 (full 5):
 PSYoungGen      total 162816K, used 128720K [0x00000000e0000000, 0x00000000ed280000, 0x0000000100000000)
  eden space 119296K, 100% used [0x00000000e0000000,0x00000000e7480000,0x00000000e7480000)
  from space 43520K, 21% used [0x00000000ea800000,0x00000000eb134320,0x00000000ed280000)
  to   space 48128K, 0% used [0x00000000e7480000,0x00000000e7480000,0x00000000ea380000)
 ParOldGen       total 89600K, used 15890K [0x00000000a0000000, 0x00000000a5780000, 0x00000000e0000000)
  object space 89600K, 17% used [0x00000000a0000000,0x00000000a0f84be8,0x00000000a5780000)
 Metaspace       used 57379K, capacity 58454K, committed 58752K, reserved 1101824K
  class space    used 6506K, capacity 6772K, committed 7040K, reserved 1048576K
Event: 8939.530 GC heap after
Heap after GC invocations=24 (full 5):
 PSYoungGen      total 167424K, used 35621K [0x00000000e0000000, 0x00000000ef200000, 0x0000000100000000)
  eden space 119296K, 0% used [0x00000000e0000000,0x00000000e0000000,0x00000000e7480000)
  from space 48128K, 74% used [0x00000000e7480000,0x00000000e9749600,0x00000000ea380000)
  to   space 51200K, 0% used [0x00000000ec000000,0x00000000ec000000,0x00000000ef200000)
 ParOldGen       total 89600K, used 15898K [0x00000000a0000000, 0x00000000a5780000, 0x00000000e0000000)
  object space 89600K, 17% used [0x00000000a0000000,0x00000000a0f86be8,0x00000000a5780000)
 Metaspace       used 57379K, capacity 58454K, committed 58752K, reserved 1101824K
  class space    used 6506K, capacity 6772K, committed 7040K, reserved 1048576K
}
Event: 9538.841 GC heap before
{Heap before GC invocations=25 (full 5):
 PSYoungGen      total 167424K, used 154917K [0x00000000e0000000, 0x00000000ef200000, 0x0000000100000000)
  eden space 119296K, 100% used [0x00000000e0000000,0x00000000e7480000,0x00000000e7480000)
  from space 48128K, 74% used [0x00000000e7480000,0x00000000e9749600,0x00000000ea380000)
  to   space 51200K, 0% used [0x00000000ec000000,0x00000000ec000000,0x00000000ef200000)
 ParOldGen       total 89600K, used 15898K [0x00000000a0000000, 0x00000000a5780000, 0x00000000e0000000)
  object space 89600K, 17% used [0x00000000a0000000,0x00000000a0f86be8,0x00000000a5780000)
 Metaspace       used 57828K, capacity 58924K, committed 59264K, reserved 1101824K
  class space    used 6542K, capacity 6817K, committed 7040K, reserved 1048576K
Event: 9539.155 GC heap after
Heap after GC invocations=25 (full 5):
 PSYoungGen      total 185344K, used 51183K [0x00000000e0000000, 0x00000000efa00000, 0x0000000100000000)
  eden space 134144K, 0% used [0x00000000e0000000,0x00000000e0000000,0x00000000e8300000)
  from space 51200K, 99% used [0x00000000ec000000,0x00000000ef1fbee8,0x00000000ef200000)
  to   space 60928K, 0% used [0x00000000e8300000,0x00000000e8300000,0x00000000ebe80000)
 ParOldGen       total 89600K, used 21783K [0x00000000a0000000, 0x00000000a5780000, 0x00000000e0000000)
  object space 89600K, 24% used [0x00000000a0000000,0x00000000a1545f58,0x00000000a5780000)
 Metaspace       used 57828K, capacity 58924K, committed 59264K, reserved 1101824K
  class space    used 6542K, capacity 6817K, committed 7040K, reserved 1048576K
}
Event: 9786.268 GC heap before
{Heap before GC invocations=26 (full 5):
 PSYoungGen      total 185344K, used 185327K [0x00000000e0000000, 0x00000000efa00000, 0x0000000100000000)
  eden space 134144K, 100% used [0x00000000e0000000,0x00000000e8300000,0x00000000e8300000)
  from space 51200K, 99% used [0x00000000ec000000,0x00000000ef1fbee8,0x00000000ef200000)
  to   space 60928K, 0% used [0x00000000e8300000,0x00000000e8300000,0x00000000ebe80000)
 ParOldGen       total 89600K, used 21783K [0x00000000a0000000, 0x00000000a5780000, 0x00000000e0000000)
  object space 89600K, 24% used [0x00000000a0000000,0x00000000a1545f58,0x00000000a5780000)
 Metaspace       used 58287K, capacity 59428K, committed 59776K, reserved 1101824K
  class space    used 6576K, capacity 6857K, committed 7040K, reserved 1048576K
Event: 9786.513 GC heap after
Heap after GC invocations=26 (full 5):
 PSYoungGen      total 195072K, used 45649K [0x00000000e0000000, 0x00000000f0f00000, 0x0000000100000000)
  eden space 134144K, 0% used [0x00000000e0000000,0x00000000e0000000,0x00000000e8300000)
  from space 60928K, 74% used [0x00000000e8300000,0x00000000eaf94628,0x00000000ebe80000)
  to   space 65024K, 0% used [0x00000000ecf80000,0x00000000ecf80000,0x00000000f0f00000)
 ParOldGen       total 89600K, used 21791K [0x00000000a0000000, 0x00000000a5780000, 0x00000000e0000000)
  object space 89600K, 24% used [0x00000000a0000000,0x00000000a1547f58,0x00000000a5780000)
 Metaspace       used 58287K, capacity 59428K, committed 59776K, reserved 1101824K
  class space    used 6576K, capacity 6857K, committed 7040K, reserved 1048576K
}
Event: 10432.530 GC heap before
{Heap before GC invocations=27 (full 5):
 PSYoungGen      total 195072K, used 179793K [0x00000000e0000000, 0x00000000f0f00000, 0x0000000100000000)
  eden space 134144K, 100% used [0x00000000e0000000,0x00000000e8300000,0x00000000e8300000)
  from space 60928K, 74% used [0x00000000e8300000,0x00000000eaf94628,0x00000000ebe80000)
  to   space 65024K, 0% used [0x00000000ecf80000,0x00000000ecf80000,0x00000000f0f00000)
 ParOldGen       total 89600K, used 21791K [0x00000000a0000000, 0x00000000a5780000, 0x00000000e0000000)
  object space 89600K, 24% used [0x00000000a0000000,0x00000000a1547f58,0x00000000a5780000)
 Metaspace       used 58716K, capacity 59932K, committed 60288K, reserved 1101824K
  class space    used 6610K, capacity 6897K, committed 7040K, reserved 1048576K
Event: 10432.560 GC heap after
Heap after GC invocations=27 (full 5):
 PSYoungGen      total 178688K, used 39969K [0x00000000e0000000, 0x00000000eff80000, 0x0000000100000000)
  eden space 129536K, 0% used [0x00000000e0000000,0x00000000e0000000,0x00000000e7e80000)
  from space 49152K, 81% used [0x00000000ecf80000,0x00000000ef688670,0x00000000eff80000)
  to   space 66048K, 0% used [0x00000000e7e80000,0x00000000e7e80000,0x00000000ebf00000)
 ParOldGen       total 89600K, used 21799K [0x00000000a0000000, 0x00000000a5780000, 0x00000000e0000000)
  object space 89600K, 24% used [0x00000000a0000000,0x00000000a1549f58,0x00000000a5780000)
 Metaspace       used 58716K, capacity 59932K, committed 60288K, reserved 1101824K
  class space    used 6610K, capacity 6897K, committed 7040K, reserved 1048576K
}
Event: 10508.246 GC heap before
{Heap before GC invocations=28 (full 5):
 PSYoungGen      total 178688K, used 169505K [0x00000000e0000000, 0x00000000eff80000, 0x0000000100000000)
  eden space 129536K, 100% used [0x00000000e0000000,0x00000000e7e80000,0x00000000e7e80000)
  from space 49152K, 81% used [0x00000000ecf80000,0x00000000ef688670,0x00000000eff80000)
  to   space 66048K, 0% used [0x00000000e7e80000,0x00000000e7e80000,0x00000000ebf00000)
 ParOldGen       total 89600K, used 21799K [0x00000000a0000000, 0x00000000a5780000, 0x00000000e0000000)
  object space 89600K, 24% used [0x00000000a0000000,0x00000000a1549f58,0x00000000a5780000)
 Metaspace       used 59208K, capacity 60504K, committed 60800K, reserved 1103872K
  class space    used 6667K, capacity 6975K, committed 7040K, reserved 1048576K

